2026-05-10 02:55:21,402 [INFO] Activator:176 - 


2026-05-10 02:55:21,412 [INFO] Activator:177 - !SESSION log4j initialized
2026-05-10 02:55:32,670 [INFO] LogOutputStream:77 - [STDOUT_REDIRECT] 
2026-05-10 02:55:41,783 [INFO] ApplicationProperties:184 - Using Application install path: C:\ST\STM32CubeIDE_1.16.1\STM32CubeIDE\plugins\com.st.stm32cube.common.mx_6.14.0.202502271554
2026-05-10 02:55:41,892 [INFO] DbMcusXml:78 - Set database path to: C:\ST\STM32CubeIDE_1.16.1\STM32CubeIDE\plugins\com.st.stm32cube.common.mx_6.14.0.202502271554\\db\/mcu/
2026-05-10 02:55:41,892 [INFO] ApiDb:274 - Set plugin database path to: C:\ST\STM32CubeIDE_1.16.1\STM32CubeIDE\plugins\com.st.stm32cube.common.mx_6.14.0.202502271554\\db\/plugins/boardmanager/
2026-05-10 02:55:41,893 [WARN] ApiDb:259 - Overriding images path with different value:  => C:\ST\STM32CubeIDE_1.16.1\STM32CubeIDE\plugins\com.st.stm32cube.common.mx_6.14.0.202502271554\\db\/plugins/mcufinder/images/
2026-05-10 02:55:41,946 [INFO] ApiDb:250 - Set database path to: C:\Users\sohev\.stmcufinder\plugins\mcufinder//mcu/
2026-05-10 02:55:41,950 [INFO] DbMcusAds:125 - Set database path to: C:\Users\sohev\.stmcufinder\plugins\mcufinder//mcu/
2026-05-10 02:55:41,957 [INFO] CrossReferenceDbSqlite:203 - Set database path to: C:\Users\sohev\.stmcufinder\plugins\mcufinder//mcu/cs/
2026-05-10 02:55:42,685 [INFO] RulesReader:64 - Compatibility file has been processed (301 Rules)
2026-05-10 02:55:43,174 [INFO] DbMcusXml:78 - Set database path to: C:\ST\STM32CubeIDE_1.16.1\STM32CubeIDE\plugins\com.st.stm32cube.common.mx_6.14.0.202502271554\\db\/mcu/
2026-05-10 02:55:43,174 [INFO] ApiDb:274 - Set plugin database path to: C:\ST\STM32CubeIDE_1.16.1\STM32CubeIDE\plugins\com.st.stm32cube.common.mx_6.14.0.202502271554\\db\/plugins/boardmanager/
2026-05-10 02:55:43,175 [INFO] ApiDb:261 - Set plugin images path to: C:\ST\STM32CubeIDE_1.16.1\STM32CubeIDE\plugins\com.st.stm32cube.common.mx_6.14.0.202502271554\\db\/plugins/mcufinder/images/
2026-05-10 02:55:43,175 [WARN] DbFile:41 - Overriding database path with different value: C:\Users\sohev\.stmcufinder\plugins\mcufinder/ => C:\Users\sohev\.stmcufinder\plugins\mcufinder
2026-05-10 02:55:43,175 [INFO] ApiDb:250 - Set database path to: C:\Users\sohev\.stmcufinder\plugins\mcufinder//mcu/
2026-05-10 02:55:43,175 [WARN] DbFile:41 - Overriding database path with different value: C:\Users\sohev\.stmcufinder\plugins\mcufinder/ => C:\Users\sohev\.stmcufinder\plugins\mcufinder
2026-05-10 02:55:43,175 [INFO] DbMcusAds:125 - Set database path to: C:\Users\sohev\.stmcufinder\plugins\mcufinder//mcu/
2026-05-10 02:55:43,175 [WARN] DbFile:41 - Overriding database path with different value: C:\Users\sohev\.stmcufinder\plugins\mcufinder/ => C:\Users\sohev\.stmcufinder\plugins\mcufinder
2026-05-10 02:55:43,176 [WARN] DbFile:41 - Overriding database path with different value: C:\Users\sohev\.stmcufinder\plugins\mcufinder/ => C:\Users\sohev\.stmcufinder\plugins\mcufinder
2026-05-10 02:55:43,176 [INFO] CrossReferenceDbSqlite:203 - Set database path to: C:\Users\sohev\.stmcufinder\plugins\mcufinder//mcu/cs/
2026-05-10 02:55:43,550 [INFO] MainPanel:272 - HeapMemory: 269484032
2026-05-10 02:55:44,158 [INFO] DbMcusXml:78 - Set database path to: C:\ST\STM32CubeIDE_1.16.1\STM32CubeIDE\plugins\com.st.stm32cube.common.mx_6.14.0.202502271554\\db\/mcu/
2026-05-10 02:55:44,158 [INFO] ApiDb:274 - Set plugin database path to: C:\ST\STM32CubeIDE_1.16.1\STM32CubeIDE\plugins\com.st.stm32cube.common.mx_6.14.0.202502271554\\db\/plugins/boardmanager/
2026-05-10 02:55:44,158 [INFO] ApiDb:261 - Set plugin images path to: C:\ST\STM32CubeIDE_1.16.1\STM32CubeIDE\plugins\com.st.stm32cube.common.mx_6.14.0.202502271554\\db\/plugins/mcufinder/images/
2026-05-10 02:55:44,162 [WARN] DbFile:41 - Overriding database path with different value: C:\Users\sohev\.stmcufinder\plugins\mcufinder/ => C:\Users\sohev\.stmcufinder\plugins\mcufinder
2026-05-10 02:55:44,162 [INFO] ApiDb:250 - Set database path to: C:\Users\sohev\.stmcufinder\plugins\mcufinder//mcu/
2026-05-10 02:55:44,162 [WARN] DbFile:41 - Overriding database path with different value: C:\Users\sohev\.stmcufinder\plugins\mcufinder/ => C:\Users\sohev\.stmcufinder\plugins\mcufinder
2026-05-10 02:55:44,163 [INFO] DbMcusAds:125 - Set database path to: C:\Users\sohev\.stmcufinder\plugins\mcufinder//mcu/
2026-05-10 02:55:44,163 [WARN] DbFile:41 - Overriding database path with different value: C:\Users\sohev\.stmcufinder\plugins\mcufinder/ => C:\Users\sohev\.stmcufinder\plugins\mcufinder
2026-05-10 02:55:44,163 [WARN] DbFile:41 - Overriding database path with different value: C:\Users\sohev\.stmcufinder\plugins\mcufinder/ => C:\Users\sohev\.stmcufinder\plugins\mcufinder
2026-05-10 02:55:44,163 [INFO] CrossReferenceDbSqlite:203 - Set database path to: C:\Users\sohev\.stmcufinder\plugins\mcufinder//mcu/cs/
2026-05-10 02:55:44,239 [INFO] ApplicationProperties:184 - Using Application install path: C:\ST\STM32CubeIDE_1.16.1\STM32CubeIDE\plugins\com.st.stm32cube.common.mx_6.14.0.202502271554
2026-05-10 02:55:44,248 [INFO] PluginManage:196 - Search for loadable plugins [exclusion list=, ]
2026-05-10 02:55:44,257 [INFO] PluginManage:310 - Check plugin analytics
2026-05-10 02:55:45,638 [INFO] AnalyticsPlugin:253 - Accepted Software Licenses: 
2026-05-10 02:55:45,639 [INFO] AnalyticsPlugin:255 - Accepted CMSIS Pack Licenses: 
2026-05-10 02:55:45,639 [INFO] AnalyticsPlugin:257 - Accepted Firmware Licenses: 
2026-05-10 02:55:45,653 [INFO] PluginManage:359 - Loaded plugin analytics (category:tool,tabindex:-1)
2026-05-10 02:55:45,654 [INFO] PluginManage:310 - Check plugin cadmodel
2026-05-10 02:55:45,705 [INFO] CADModel:105 - Init CAD model plugin
2026-05-10 02:55:45,705 [INFO] PluginManage:359 - Loaded plugin cadmodel (category:power,tabindex:5)
2026-05-10 02:55:45,705 [INFO] PluginManage:310 - Check plugin clock
2026-05-10 02:55:45,780 [INFO] PluginManage:359 - Loaded plugin clock (category:base,tabindex:2)
2026-05-10 02:55:45,780 [INFO] PluginManage:310 - Check plugin ddr
2026-05-10 02:55:45,796 [INFO] PluginManage:359 - Loaded plugin ddr (category:tool,tabindex:6)
2026-05-10 02:55:45,798 [INFO] PluginManage:310 - Check plugin filemanager
2026-05-10 02:55:46,482 [INFO] PluginManage:359 - Loaded plugin filemanager (category:base,tabindex:10)
2026-05-10 02:55:46,483 [INFO] PluginManage:310 - Check plugin ipmanager
2026-05-10 02:55:46,535 [INFO] PluginManage:359 - Loaded plugin ipmanager (category:base,tabindex:5)
2026-05-10 02:55:46,535 [INFO] PluginManage:310 - Check plugin lpbam
2026-05-10 02:55:46,607 [INFO] PluginManage:359 - Loaded plugin lpbam (category:base,tabindex:0)
2026-05-10 02:55:46,607 [INFO] PluginManage:310 - Check plugin memorymap
2026-05-10 02:55:46,770 [INFO] PluginManage:359 - Loaded plugin memorymap (category:base,tabindex:4)
2026-05-10 02:55:46,771 [INFO] PluginManage:310 - Check plugin pinoutandconfiguration
2026-05-10 02:55:46,850 [INFO] PluginManage:359 - Loaded plugin pinoutandconfiguration (category:base,tabindex:1)
2026-05-10 02:55:46,851 [INFO] PluginManage:310 - Check plugin pinoutconfig
2026-05-10 02:55:47,384 [WARN] SupportedApi:132 - Cannot load RTOS API schema: s4s-elt-must-match.1: The content of 'definitions' must match (annotation?, (simpleType | complexType)?, (unique | key | keyref)*)). A problem was found starting at: attribute.
2026-05-10 02:55:48,033 [INFO] PluginManage:359 - Loaded plugin pinoutconfig (category:base,tabindex:0)
2026-05-10 02:55:48,034 [INFO] PluginManage:310 - Check plugin power
2026-05-10 02:55:48,071 [INFO] PluginManage:359 - Loaded plugin power (category:power,tabindex:4)
2026-05-10 02:55:48,071 [INFO] PluginManage:310 - Check plugin projectmanager
2026-05-10 02:55:48,101 [INFO] PluginManage:359 - Loaded plugin projectmanager (category:projectmanager,tabindex:4)
2026-05-10 02:55:48,101 [INFO] PluginManage:310 - Check plugin rif
2026-05-10 02:55:48,133 [INFO] PluginManage:359 - Loaded plugin rif (category:base,tabindex:3)
2026-05-10 02:55:48,134 [INFO] PluginManage:310 - Check plugin thirdparty
2026-05-10 02:55:48,680 [INFO] PluginManage:359 - Loaded plugin thirdparty (category:base,tabindex:-1)
2026-05-10 02:55:48,680 [WARN] IntegrityCheckThread:84 - waiting for thirdparty lock release [integrity check]
2026-05-10 02:55:48,681 [INFO] IntegrityCheckThread:86 - entering critical section [integrity check]
2026-05-10 02:55:48,681 [INFO] PluginManage:310 - Check plugin tools
2026-05-10 02:55:48,682 [INFO] ThirdPartyUpdaterWithRetryManager:70 - Updater plugin not ready yet. [1/15]
2026-05-10 02:55:48,742 [INFO] PluginManage:359 - Loaded plugin tools (category:base,tabindex:7)
2026-05-10 02:55:48,743 [INFO] PluginManage:310 - Check plugin tutovideos
2026-05-10 02:55:49,063 [INFO] PluginManage:359 - Loaded plugin tutovideos (category:base,tabindex:-1)
2026-05-10 02:55:49,063 [INFO] PluginManage:310 - Check plugin updater
2026-05-10 02:55:49,110 [INFO] PluginManage:359 - Loaded plugin updater (category:base,tabindex:12)
2026-05-10 02:55:49,111 [INFO] PluginManage:310 - Check plugin userauth
2026-05-10 02:55:49,120 [INFO] UserAuth:118 - Init User Auth plugin
2026-05-10 02:55:49,122 [INFO] PluginManage:359 - Loaded plugin userauth (category:base,tabindex:14)
2026-05-10 02:55:49,123 [INFO] PluginManage:283 - PluginManage : Loaded plugins [18]
2026-05-10 02:55:49,552 [INFO] PinOutPanel:1589 - setPackage(No Configuration,No Configuration)
2026-05-10 02:55:49,689 [INFO] CADModel:165 - CPN selected for project level
2026-05-10 02:55:49,689 [INFO] CADModel:114 - Register for checkConnection events
2026-05-10 02:55:49,736 [INFO] IPUIPlugin:80 - create IPUIPlugin
2026-05-10 02:55:49,737 [INFO] PluginManager:220 - loadIPPluginJar : add adc
2026-05-10 02:55:49,814 [INFO] IPUIPlugin:80 - create IPUIPlugin
2026-05-10 02:55:49,814 [INFO] PluginManager:220 - loadIPPluginJar : add aes
2026-05-10 02:55:49,890 [INFO] IPUIPlugin:80 - create IPUIPlugin
2026-05-10 02:55:49,891 [INFO] PluginManager:220 - loadIPPluginJar : add can
2026-05-10 02:55:49,932 [INFO] IPUIPlugin:80 - create IPUIPlugin
2026-05-10 02:55:49,933 [INFO] PluginManager:220 - loadIPPluginJar : add comp
2026-05-10 02:55:50,000 [INFO] IPUIPlugin:80 - create IPUIPlugin
2026-05-10 02:55:50,000 [INFO] PluginManager:220 - loadIPPluginJar : add cryp
2026-05-10 02:55:50,023 [INFO] IPUIPlugin:80 - create IPUIPlugin
2026-05-10 02:55:50,024 [INFO] PluginManager:220 - loadIPPluginJar : add ddr_ctrl_phy
2026-05-10 02:55:50,082 [INFO] IPUIPlugin:80 - create IPUIPlugin
2026-05-10 02:55:50,083 [INFO] PluginManager:220 - loadIPPluginJar : add dfsdm
2026-05-10 02:55:50,107 [INFO] IPUIPlugin:80 - create IPUIPlugin
2026-05-10 02:55:50,108 [INFO] PluginManager:220 - loadIPPluginJar : add dma
2026-05-10 02:55:50,181 [INFO] IPUIPlugin:80 - create IPUIPlugin
2026-05-10 02:55:50,181 [INFO] PluginManager:220 - loadIPPluginJar : add dma3
2026-05-10 02:55:50,265 [INFO] IPUIPlugin:80 - create IPUIPlugin
2026-05-10 02:55:50,265 [INFO] PluginManager:220 - loadIPPluginJar : add extmemmanager
2026-05-10 02:55:50,304 [INFO] IPUIPlugin:80 - create IPUIPlugin
2026-05-10 02:55:50,305 [INFO] PluginManager:220 - loadIPPluginJar : add fatfs
2026-05-10 02:55:50,397 [INFO] IPUIPlugin:80 - create IPUIPlugin
2026-05-10 02:55:50,398 [INFO] PluginManager:220 - loadIPPluginJar : add fmc
2026-05-10 02:55:50,424 [INFO] IPUIPlugin:80 - create IPUIPlugin
2026-05-10 02:55:50,425 [INFO] PluginManager:220 - loadIPPluginJar : add freertos
2026-05-10 02:55:50,466 [INFO] IPUIPlugin:80 - create IPUIPlugin
2026-05-10 02:55:50,466 [INFO] PluginManager:220 - loadIPPluginJar : add genericplugin
2026-05-10 02:55:50,634 [INFO] IPUIPlugin:80 - create IPUIPlugin
2026-05-10 02:55:50,635 [INFO] PluginManager:220 - loadIPPluginJar : add gfxmmu
2026-05-10 02:55:50,879 [INFO] IPUIPlugin:80 - create IPUIPlugin
2026-05-10 02:55:50,879 [INFO] PluginManager:220 - loadIPPluginJar : add gic
2026-05-10 02:55:50,904 [INFO] IPUIPlugin:80 - create IPUIPlugin
2026-05-10 02:55:50,904 [INFO] PluginManager:220 - loadIPPluginJar : add gpio
2026-05-10 02:55:51,075 [INFO] IPUIPlugin:80 - create IPUIPlugin
2026-05-10 02:55:51,075 [INFO] PluginManager:220 - loadIPPluginJar : add gtzc
2026-05-10 02:55:51,143 [INFO] IPUIPlugin:80 - create IPUIPlugin
2026-05-10 02:55:51,143 [INFO] PluginManager:220 - loadIPPluginJar : add hash
2026-05-10 02:55:51,246 [INFO] IPUIPlugin:80 - create IPUIPlugin
2026-05-10 02:55:51,246 [INFO] PluginManager:220 - loadIPPluginJar : add i2c
2026-05-10 02:55:51,324 [INFO] IPUIPlugin:80 - create IPUIPlugin
2026-05-10 02:55:51,324 [INFO] PluginManager:220 - loadIPPluginJar : add i2s
2026-05-10 02:55:51,408 [INFO] IPUIPlugin:80 - create IPUIPlugin
2026-05-10 02:55:51,408 [INFO] PluginManager:220 - loadIPPluginJar : add i3c
2026-05-10 02:55:51,578 [INFO] IPUIPlugin:80 - create IPUIPlugin
2026-05-10 02:55:51,579 [INFO] PluginManager:220 - loadIPPluginJar : add ipddr
2026-05-10 02:55:51,686 [INFO] ThirdPartyUpdaterWithRetryManager:70 - Updater plugin not ready yet. [2/15]
2026-05-10 02:55:51,757 [INFO] IPUIPlugin:80 - create IPUIPlugin
2026-05-10 02:55:51,758 [INFO] PluginManager:220 - loadIPPluginJar : add linkedlist
2026-05-10 02:55:51,830 [INFO] IPUIPlugin:80 - create IPUIPlugin
2026-05-10 02:55:51,830 [INFO] PluginManager:220 - loadIPPluginJar : add lorawan
2026-05-10 02:55:51,906 [INFO] IPUIPlugin:80 - create IPUIPlugin
2026-05-10 02:55:51,906 [INFO] PluginManager:220 - loadIPPluginJar : add ltdc
2026-05-10 02:55:51,932 [INFO] IPUIPlugin:80 - create IPUIPlugin
2026-05-10 02:55:51,932 [INFO] PluginManager:220 - loadIPPluginJar : add mdma
2026-05-10 02:55:51,952 [INFO] IPUIPlugin:80 - create IPUIPlugin
2026-05-10 02:55:51,953 [INFO] PluginManager:220 - loadIPPluginJar : add nvic
2026-05-10 02:55:52,020 [INFO] IPUIPlugin:80 - create IPUIPlugin
2026-05-10 02:55:52,020 [INFO] PluginManager:220 - loadIPPluginJar : add opamp
2026-05-10 02:55:52,134 [INFO] IPUIPlugin:80 - create IPUIPlugin
2026-05-10 02:55:52,134 [INFO] PluginManager:220 - loadIPPluginJar : add openamp
2026-05-10 02:55:52,243 [INFO] IPUIPlugin:80 - create IPUIPlugin
2026-05-10 02:55:52,243 [INFO] PluginManager:220 - loadIPPluginJar : add pdm2pcm
2026-05-10 02:55:52,268 [INFO] IPUIPlugin:80 - create IPUIPlugin
2026-05-10 02:55:52,271 [INFO] PluginManager:220 - loadIPPluginJar : add plateformsettings
2026-05-10 02:55:52,313 [INFO] IPUIPlugin:80 - create IPUIPlugin
2026-05-10 02:55:52,313 [INFO] PluginManager:220 - loadIPPluginJar : add quadspi
2026-05-10 02:55:52,364 [INFO] IPUIPlugin:80 - create IPUIPlugin
2026-05-10 02:55:52,366 [INFO] PluginManager:220 - loadIPPluginJar : add radio
2026-05-10 02:55:52,387 [INFO] IPUIPlugin:80 - create IPUIPlugin
2026-05-10 02:55:52,387 [INFO] PluginManager:220 - loadIPPluginJar : add resmgrutility
2026-05-10 02:55:52,468 [INFO] IPUIPlugin:80 - create IPUIPlugin
2026-05-10 02:55:52,468 [INFO] PluginManager:220 - loadIPPluginJar : add sai
2026-05-10 02:55:52,538 [INFO] IPUIPlugin:80 - create IPUIPlugin
2026-05-10 02:55:52,538 [INFO] PluginManager:220 - loadIPPluginJar : add spi
2026-05-10 02:55:52,671 [INFO] IPUIPlugin:80 - create IPUIPlugin
2026-05-10 02:55:52,672 [INFO] PluginManager:220 - loadIPPluginJar : add stm32_wpan
2026-05-10 02:55:52,715 [INFO] IPUIPlugin:80 - create IPUIPlugin
2026-05-10 02:55:52,715 [INFO] PluginManager:220 - loadIPPluginJar : add tim
2026-05-10 02:55:52,828 [INFO] IPUIPlugin:80 - create IPUIPlugin
2026-05-10 02:55:52,828 [INFO] PluginManager:220 - loadIPPluginJar : add touchsensing
2026-05-10 02:55:52,873 [INFO] IPUIPlugin:80 - create IPUIPlugin
2026-05-10 02:55:52,873 [INFO] PluginManager:220 - loadIPPluginJar : add tracer_emb
2026-05-10 02:55:52,920 [INFO] IPUIPlugin:80 - create IPUIPlugin
2026-05-10 02:55:52,920 [INFO] PluginManager:220 - loadIPPluginJar : add ts
2026-05-10 02:55:52,967 [INFO] IPUIPlugin:80 - create IPUIPlugin
2026-05-10 02:55:52,967 [INFO] PluginManager:220 - loadIPPluginJar : add tsc
2026-05-10 02:55:53,017 [INFO] IPUIPlugin:80 - create IPUIPlugin
2026-05-10 02:55:53,017 [INFO] PluginManager:220 - loadIPPluginJar : add ucpd
2026-05-10 02:55:53,099 [INFO] IPUIPlugin:80 - create IPUIPlugin
2026-05-10 02:55:53,100 [INFO] PluginManager:220 - loadIPPluginJar : add usart
2026-05-10 02:55:53,181 [INFO] IPUIPlugin:80 - create IPUIPlugin
2026-05-10 02:55:53,182 [INFO] PluginManager:220 - loadIPPluginJar : add usbx
2026-05-10 02:55:53,345 [FATAL] Updater:351 - Updater called before beeing initialized
2026-05-10 02:55:53,401 [INFO] RulesReader:64 - Compatibility file has been processed (301 Rules)
2026-05-10 02:55:53,429 [INFO] RulesReader:64 - Compatibility file has been processed (301 Rules)
2026-05-10 02:55:53,477 [INFO] CADModel:165 - CPN selected for project level
2026-05-10 02:55:53,477 [INFO] CADModel:114 - Register for checkConnection events
2026-05-10 02:55:53,478 [FATAL] Updater:351 - Updater called before beeing initialized
2026-05-10 02:55:53,478 [ERROR] CADModel:125 - Updater not yet initialized, retry later 
2026-05-10 02:55:53,794 [FATAL] Updater:351 - Updater called before beeing initialized
2026-05-10 02:55:53,797 [INFO] CADModel:165 - CPN selected for project level
2026-05-10 02:55:53,797 [INFO] CADModel:114 - Register for checkConnection events
2026-05-10 02:55:53,797 [FATAL] Updater:351 - Updater called before beeing initialized
2026-05-10 02:55:53,797 [ERROR] CADModel:125 - Updater not yet initialized, retry later 
2026-05-10 02:55:53,802 [FATAL] Updater:351 - Updater called before beeing initialized
2026-05-10 02:55:53,986 [FATAL] Updater:351 - Updater called before beeing initialized
2026-05-10 02:55:54,004 [INFO] DbMcusAds:53 - JSON generation date=Mon Apr 27 16:14:29 SGT 2026 (1777277669683)
2026-05-10 02:55:54,004 [FATAL] Updater:351 - Updater called before beeing initialized
2026-05-10 02:55:54,056 [WARN] DetailPanel:346 - Failed to get advertising image, set to default
2026-05-10 02:55:54,355 [FATAL] Updater:351 - Updater called before beeing initialized
2026-05-10 02:55:54,358 [FATAL] Updater:351 - Updater called before beeing initialized
2026-05-10 02:55:54,359 [FATAL] Updater:351 - Updater called before beeing initialized
2026-05-10 02:55:54,359 [WARN] DetailPanel:346 - Failed to get advertising image, set to default
2026-05-10 02:55:54,360 [FATAL] Updater:351 - Updater called before beeing initialized
2026-05-10 02:55:54,460 [ERROR] Updater:1198 - MainUpdater not yet initialized. External WinMGr cannot be set.
2026-05-10 02:55:54,477 [INFO] Updater:1134 - Updater Version found : 6.14.0
2026-05-10 02:55:54,512 [INFO] ApplicationProperties:184 - Using Application install path: C:\ST\STM32CubeIDE_1.16.1\STM32CubeIDE\plugins\com.st.stm32cube.common.mx_6.14.0.202502271554
2026-05-10 02:55:54,701 [INFO] ThirdPartyUpdaterWithRetryManager:70 - Updater plugin not ready yet. [3/15]
2026-05-10 02:55:56,160 [ERROR] LogOutputStream:75 - [STDERR_REDIRECT] May 10, 2026 2:55:56 AM java.util.prefs.WindowsPreferences <init>
2026-05-10 02:55:56,163 [ERROR] LogOutputStream:75 - [STDERR_REDIRECT] WARNING: Could not open/create prefs root node Software\JavaSoft\Prefs at root 0xffffffff80000002. Windows RegCreateKeyEx(...) returned error code 5.
2026-05-10 02:55:56,163 [ERROR] LogOutputStream:75 - [STDERR_REDIRECT] 
2026-05-10 02:55:56,954 [INFO] MainUpdater:2872 - connection check result : 10
2026-05-10 02:55:56,955 [INFO] MainUpdater:3566 - Updater definition file requires update
2026-05-10 02:55:56,956 [INFO] MainUpdater:289 - Updater Check For Update Now.
2026-05-10 02:55:56,956 [INFO] MicroXplorer:498 - Change Database Version : DB.6.0.140
2026-05-10 02:55:56,987 [INFO] McuFinderGlobals:63 - Set McuFinder mode to 2 (CubeIDE integrated)
2026-05-10 02:55:56,998 [INFO] UserAuth:486 - Internet connection configuration mode: 1
2026-05-10 02:55:57,044 [INFO] JxBrowserEngine:152 - Initiate JxBrowser Engine with user profile folder
2026-05-10 02:55:57,098 [INFO] ServerAccessManage:473 - Download File updaters.zip
2026-05-10 02:55:57,305 [INFO] FileExtend:242 - Unzip File : updaters.zip
2026-05-10 02:55:57,305 [INFO] FileExtend:257 - Standard Zip Deflate
2026-05-10 02:55:57,717 [WARN] MainUpdater:1193 - Updater busy. Cannot search thirdparties
2026-05-10 02:55:57,718 [INFO] ThirdPartyUpdaterWithRetryManager:96 - Updater plugin is busy. [1/15]
2026-05-10 02:55:58,146 [INFO] ServerAccessManage:473 - Download File PacksControlFlags.xml
2026-05-10 02:55:58,270 [INFO] ServerAccessManage:473 - Download File cubemx.pidx
2026-05-10 02:55:58,547 [INFO] LoadServerUpdatesThread:375 - End of LoadServerUpdate Thread
2026-05-10 02:55:58,804 [INFO] CheckServerUpdateThread:120 - End of CheckServer Thread
2026-05-10 02:55:59,557 [INFO] WebApp:169 - Instantiating new browser for Auth
2026-05-10 02:56:00,587 [INFO] WebApp:463 - Apply proxy settings
2026-05-10 02:56:00,588 [INFO] WebApp:548 - Chromium requires no authentication
2026-05-10 02:56:00,603 [INFO] WebApp:491 - Direct internet connection detected
2026-05-10 02:56:00,640 [INFO] WebApp:894 - Register for checkConnection events
2026-05-10 02:56:00,640 [INFO] WebApp:463 - Apply proxy settings
2026-05-10 02:56:00,640 [INFO] WebApp:548 - Chromium requires no authentication
2026-05-10 02:56:00,641 [INFO] WebApp:491 - Direct internet connection detected
2026-05-10 02:56:00,809 [INFO] WebApp:191 - Connection restablished
2026-05-10 02:56:01,046 [INFO] WebApp:225 - Starting web application
2026-05-10 02:56:01,046 [INFO] WebApp:593 - Web application path used C:\ST\STM32CubeIDE_1.16.1\STM32CubeIDE\plugins\com.st.stm32cube.common.mx_6.14.0.202502271554\db\plugins\mcufinder\reactClient1\index.html
2026-05-10 02:56:01,576 [INFO] UserAuth:486 - Internet connection configuration mode: 1
2026-05-10 02:56:01,706 [WARN] PackLoader:240 - Cannot read IP mode file for STMicroelectronics.X-CUBE-AZRTOS-H7.3.5.0
2026-05-10 02:56:01,753 [WARN] PackLoader:240 - Cannot read IP mode file for STMicroelectronics.FP-SNS-MOTENVWB1.1.4.0
2026-05-10 02:56:01,790 [WARN] PackLoader:240 - Cannot read IP mode file for STMicroelectronics.FP-ATR-ASTRA1.2.0.2
2026-05-10 02:56:01,813 [WARN] PackLoader:240 - Cannot read IP mode file for STMicroelectronics.FP-ATR-ASTRA1.2.0.1
2026-05-10 02:56:01,866 [WARN] PackLoader:240 - Cannot read IP mode file for STMicroelectronics.X-CUBE-SMBUS.2.1.0
2026-05-10 02:56:01,896 [WARN] PackLoader:240 - Cannot read IP mode file for STMicroelectronics.X-CUBE-WB05N.1.1.0
2026-05-10 02:56:01,921 [WARN] PackLoader:240 - Cannot read IP mode file for STMicroelectronics.X-CUBE-ST60.1.0.0
2026-05-10 02:56:01,967 [WARN] PackLoader:240 - Cannot read IP mode file for STMicroelectronics.X-CUBE-AZRTOS-F7.1.1.0
2026-05-10 02:56:02,049 [WARN] PackLoader:240 - Cannot read IP mode file for STMicroelectronics.X-CUBE-MEMS1.11.0.0
2026-05-10 02:56:02,223 [ERROR] Engine:466 - C:\Users\sohev\.stm32cubemx\thirdparties\pdsc\STMicroelectronics.FP-SNS-MOTENV1.5.1.0.pdsc: PDSC version is not supported
2026-05-10 02:56:02,252 [WARN] PackLoader:240 - Cannot read IP mode file for STMicroelectronics.FP-SNS-FLIGHT1.5.0.2
2026-05-10 02:56:02,308 [WARN] PackLoader:240 - Cannot read IP mode file for STMicroelectronics.X-CUBE-AZRTOS-H7.3.4.0
2026-05-10 02:56:02,341 [WARN] PackLoader:240 - Cannot read IP mode file for STMicroelectronics.X-CUBE-DISPLAY.3.0.0
2026-05-10 02:56:02,375 [WARN] PackLoader:240 - Cannot read IP mode file for STMicroelectronics.X-CUBE-GNSS1.7.1.1
2026-05-10 02:56:02,401 [ERROR] Engine:466 - C:\Users\sohev\.stm32cubemx\thirdparties\pdsc\STMicroelectronics.FP-SNS-MOTENVWB1.1.5.0.pdsc: PDSC version is not supported
2026-05-10 02:56:02,427 [WARN] PackLoader:240 - Cannot read IP mode file for STMicroelectronics.X-CUBE-BLE1.7.0.0
2026-05-10 02:56:02,453 [WARN] PackLoader:240 - Cannot read IP mode file for STMicroelectronics.X-CUBE-NFC10.1.0.0
2026-05-10 02:56:02,485 [WARN] PackLoader:240 - Cannot read IP mode file for STMicroelectronics.X-CUBE-BLEMGR.4.0.0
2026-05-10 02:56:02,507 [WARN] PackLoader:240 - Cannot read IP mode file for STMicroelectronics.X-CUBE-ST60.1.1.0
2026-05-10 02:56:02,534 [WARN] PackLoader:240 - Cannot read IP mode file for emotas.I-CUBE-CANOPEN.1.3.0
2026-05-10 02:56:02,565 [WARN] PackLoader:240 - Cannot read IP mode file for STMicroelectronics.X-CUBE-GNSS1.7.1.0
2026-05-10 02:56:02,588 [WARN] PackLoader:240 - Cannot read IP mode file for STMicroelectronics.X-CUBE-BLEMGR.3.1.0
2026-05-10 02:56:02,610 [WARN] PackLoader:240 - Cannot read IP mode file for STMicroelectronics.X-CUBE-AI.10.0.0
2026-05-10 02:56:02,632 [ERROR] Engine:466 - C:\Users\sohev\.stm32cubemx\thirdparties\pdsc\STMicroelectronics.FP-SNS-STBOX1.2.1.0.pdsc: PDSC version is not supported
2026-05-10 02:56:02,656 [WARN] PackLoader:240 - Cannot read IP mode file for STMicroelectronics.FP-SNS-SMARTAG2.1.2.0
2026-05-10 02:56:02,679 [WARN] PackLoader:240 - Cannot read IP mode file for STMicroelectronics.FP-SNS-FLIGHT1.5.1.0
2026-05-10 02:56:02,738 [WARN] PackLoader:240 - Cannot read IP mode file for STMicroelectronics.X-CUBE-MEMS1.11.1.0
2026-05-10 02:56:02,877 [INFO] LogOutputStream:77 - [STDOUT_REDIRECT] 1 : Invalid condition id : UX_CORESTACK_Condition cause : null
2026-05-10 02:56:02,880 [INFO] LogOutputStream:77 - [STDOUT_REDIRECT] 1 : Invalid condition id : UX_CORESTACK_Condition cause : null
2026-05-10 02:56:02,882 [INFO] LogOutputStream:77 - [STDOUT_REDIRECT] 1 : Invalid condition id : UX_CORESTACK_Condition cause : null
2026-05-10 02:56:02,883 [INFO] LogOutputStream:77 - [STDOUT_REDIRECT] 1 : Invalid condition id : UX_CORESTACK_Condition cause : null
2026-05-10 02:56:02,884 [INFO] LogOutputStream:77 - [STDOUT_REDIRECT] 1 : Invalid condition id : UX_CORESTACK_Condition cause : null
2026-05-10 02:56:02,887 [WARN] PackLoader:240 - Cannot read IP mode file for STMicroelectronics.X-CUBE-AZRTOS-WL.2.0.0
2026-05-10 02:56:02,918 [WARN] PackLoader:240 - Cannot read IP mode file for STMicroelectronics.FP-SNS-MOTENV1.5.0.0
2026-05-10 02:56:02,964 [WARN] PackLoader:240 - Cannot read IP mode file for STMicroelectronics.X-CUBE-AZRTOS-H7RS.1.2.0
2026-05-10 02:56:02,990 [WARN] PackLoader:240 - Cannot read IP mode file for wolfSSL.I-CUBE-wolfMQTT.1.19.0
2026-05-10 02:56:03,023 [WARN] PackLoader:240 - Cannot read IP mode file for WES.I-CUBE-Cesium.1.3.0
2026-05-10 02:56:03,051 [WARN] PackLoader:240 - Cannot read IP mode file for STMicroelectronics.X-CUBE-BLE2.3.3.0
2026-05-10 02:56:03,140 [WARN] PackLoader:240 - Cannot read IP mode file for STMicroelectronics.X-CUBE-NFC9.1.0.0
2026-05-10 02:56:03,167 [WARN] PackLoader:240 - Cannot read IP mode file for STMicroelectronics.X-CUBE-BLE1.7.1.0
2026-05-10 02:56:03,201 [WARN] PackLoader:240 - Cannot read IP mode file for STMicroelectronics.X-CUBE-TCPP.4.1.0
2026-05-10 02:56:03,223 [ERROR] Engine:466 - C:\Users\sohev\.stm32cubemx\thirdparties\pdsc\STMicroelectronics.X-CUBE-FREERTOS.1.4.0.pdsc: PDSC version is not supported
2026-05-10 02:56:03,251 [WARN] PackLoader:240 - Cannot read IP mode file for STMicroelectronics.X-CUBE-EEPRMA1.5.2.0
2026-05-10 02:56:03,277 [ERROR] Engine:466 - C:\Users\sohev\.stm32cubemx\thirdparties\pdsc\STMicroelectronics.X-CUBE-ST67W61.1.1.0.pdsc: PDSC version is not supported
2026-05-10 02:56:03,302 [WARN] PackLoader:240 - Cannot read IP mode file for STMicroelectronics.X-CUBE-AI.10.1.0
2026-05-10 02:56:03,324 [ERROR] Engine:466 - C:\Users\sohev\.stm32cubemx\thirdparties\pdsc\STMicroelectronics.FP-SNS-STAIOTCFT.1.1.0.pdsc: PDSC version is not supported
2026-05-10 02:56:03,385 [WARN] PackLoader:240 - Cannot read IP mode file for STMicroelectronics.X-CUBE-MEMS1.12.0.0
2026-05-10 02:56:03,491 [WARN] PackLoader:240 - Cannot read IP mode file for STMicroelectronics.X-CUBE-MEMS1.11.2.0
2026-05-10 02:56:03,607 [WARN] PackLoader:240 - Cannot read IP mode file for STMicroelectronics.X-CUBE-AZRTOS-G0.1.1.0
2026-05-10 02:56:03,641 [WARN] PackLoader:240 - Cannot read IP mode file for STMicroelectronics.X-CUBE-SAFEA1.1.2.2
2026-05-10 02:56:03,672 [WARN] PackLoader:240 - Cannot read IP mode file for STMicroelectronics.X-CUBE-NFC4.3.0.0
2026-05-10 02:56:03,701 [WARN] PackLoader:240 - Cannot read IP mode file for EmbeddedOffice.I-CUBE-FS-RTOS.1.0.1
2026-05-10 02:56:03,726 [WARN] PackLoader:240 - Cannot read IP mode file for STMicroelectronics.X-CUBE-WB05N.2.0.0
2026-05-10 02:56:03,746 [WARN] PackLoader:240 - Cannot read IP mode file for STMicroelectronics.X-CUBE-TCPP.4.2.0
2026-05-10 02:56:03,769 [WARN] PackLoader:240 - Cannot read IP mode file for RealThread.X-CUBE-RT-Thread_Nano.4.1.1
2026-05-10 02:56:03,793 [WARN] PackLoader:240 - Cannot read IP mode file for STMicroelectronics.FP-ATR-SIGFOX1.3.2.0
2026-05-10 02:56:03,818 [WARN] PackLoader:240 - Cannot read IP mode file for wolfSSL.I-CUBE-wolfSSL.5.7.2
2026-05-10 02:56:03,840 [WARN] ConditionMgr:438 - getConditionDescription Invalid condition id : Cortex-A Device cause : null
2026-05-10 02:56:03,874 [WARN] ConditionMgr:1044 - genDependencies : Invalid condition id : Cortex-A Device cause : null
2026-05-10 02:56:03,874 [WARN] ConditionMgr:1044 - genDependencies : Invalid condition id : Cortex-A Device cause : null
2026-05-10 02:56:03,874 [WARN] ConditionMgr:1044 - genDependencies : Invalid condition id : Cortex-A Device cause : null
2026-05-10 02:56:03,902 [WARN] PackLoader:240 - Cannot read IP mode file for STMicroelectronics.X-CUBE-EEPRMA1.5.1.0
2026-05-10 02:56:03,927 [ERROR] Engine:466 - C:\Users\sohev\.stm32cubemx\thirdparties\pdsc\STMicroelectronics.X-CUBE-FREERTOS.1.5.0.pdsc: PDSC version is not supported
2026-05-10 02:56:03,958 [WARN] PackLoader:240 - Cannot read IP mode file for ITTIA_DB.I-CUBE-ITTIADB.8.9.0
2026-05-10 02:56:03,987 [WARN] PackLoader:240 - Cannot read IP mode file for STMicroelectronics.X-CUBE-NFC6.3.2.0
2026-05-10 02:56:04,023 [WARN] PackLoader:240 - Cannot read IP mode file for STMicroelectronics.X-CUBE-ST67W61.1.0.0
2026-05-10 02:56:04,049 [WARN] PackLoader:240 - Cannot read IP mode file for STMicroelectronics.X-CUBE-AI.10.2.0
2026-05-10 02:56:04,108 [WARN] PackLoader:240 - Cannot read IP mode file for STMicroelectronics.X-CUBE-MEMS1.12.1.0
2026-05-10 02:56:04,292 [WARN] PackLoader:240 - Cannot read IP mode file for SEGGER.I-CUBE-embOS.1.3.1
2026-05-10 02:56:04,339 [WARN] PackLoader:240 - Cannot read IP mode file for STMicroelectronics.X-CUBE-ALGOBUILD.1.4.0
2026-05-10 02:56:04,403 [WARN] PackLoader:240 - Cannot read IP mode file for STMicroelectronics.X-CUBE-MEMS1.11.3.0
2026-05-10 02:56:04,515 [WARN] PackLoader:240 - Cannot read IP mode file for STMicroelectronics.X-CUBE-AI.9.1.0
2026-05-10 02:56:04,541 [WARN] PackLoader:240 - Cannot read IP mode file for STMicroelectronics.X-CUBE-PM33A1.1.0.0
2026-05-10 02:56:04,576 [WARN] PackLoader:240 - Cannot read IP mode file for STMicroelectronics.X-CUBE-AZRTOS-F4.1.1.0
2026-05-10 02:56:04,600 [WARN] PackLoader:240 - Cannot read IP mode file for Avnet-IotConnect.X-CUBE-IoTC-DA16k-PMOD.1.0.0
2026-05-10 02:56:04,620 [WARN] PackLoader:240 - Cannot read IP mode file for STMicroelectronics.X-CUBE-ISPU.2.1.0
2026-05-10 02:56:04,641 [ERROR] Engine:466 - C:\Users\sohev\.stm32cubemx\thirdparties\pdsc\STMicroelectronics.X-CUBE-IPS.3.2.0.pdsc: PDSC version is not supported
2026-05-10 02:56:04,660 [WARN] PackLoader:240 - Cannot read IP mode file for STMicroelectronics.eDS-WB_DPC_TT-BIDIR.2.1.1
2026-05-10 02:56:04,683 [WARN] PackLoader:240 - Cannot read IP mode file for STMicroelectronics.X-CUBE-FREERTOS.1.2.0
2026-05-10 02:56:04,706 [WARN] PackLoader:240 - Cannot read IP mode file for STMicroelectronics.X-CUBE-NFC12.1.0.0
2026-05-10 02:56:04,743 [WARN] PackLoader:240 - Cannot read IP mode file for STMicroelectronics.X-CUBE-AZRTOS-L5.2.0.0
2026-05-10 02:56:04,769 [WARN] PackLoader:240 - Cannot read IP mode file for STMicroelectronics.X-CUBE-NFC6.3.1.0
2026-05-10 02:56:04,795 [WARN] PackLoader:240 - Cannot read IP mode file for STMicroelectronics.X-CUBE-DPower.1.2.0
2026-05-10 02:56:04,816 [WARN] PackLoader:240 - Cannot read IP mode file for STMicroelectronics.eDS-WB_DPC_VIENNA.1.2.0
2026-05-10 02:56:04,836 [WARN] PackLoader:240 - Cannot read IP mode file for STMicroelectronics.eDS-WB_DPC_3PH2L-BIDIR.1.1.1
2026-05-10 02:56:04,856 [ERROR] Engine:466 - C:\Users\sohev\.stm32cubemx\thirdparties\pdsc\STMicroelectronics.X-CUBE-ST67W61.1.3.0.pdsc: PDSC version is not supported
2026-05-10 02:56:04,875 [WARN] PackLoader:240 - Cannot read IP mode file for STMicroelectronics.X-CUBE-FREERTOS.1.3.1
2026-05-10 02:56:04,893 [WARN] PackLoader:240 - Cannot read IP mode file for STMicroelectronics.X-CUBE-FREERTOS.1.3.0
2026-05-10 02:56:04,915 [WARN] PackLoader:240 - Cannot read IP mode file for STMicroelectronics.X-CUBE-NFC7.1.0.1
2026-05-10 02:56:04,938 [WARN] PackLoader:240 - Cannot read IP mode file for STMicroelectronics.X-CUBE-TOUCHGFX.4.26.0
2026-05-10 02:56:04,960 [WARN] PackLoader:240 - Cannot read IP mode file for STMicroelectronics.X-CUBE-TOUCHGFX.4.26.1
2026-05-10 02:56:04,993 [WARN] PackLoader:240 - Cannot read IP mode file for STMicroelectronics.FP-SNS-STAIOTCFT.1.0.0
2026-05-10 02:56:05,017 [WARN] PackLoader:240 - Cannot read IP mode file for STMicroelectronics.X-CUBE-DPower.1.3.0
2026-05-10 02:56:05,051 [WARN] ConditionMgr:438 - getConditionDescription Invalid condition id : LAN8742 Phy interface Condition cause : null
2026-05-10 02:56:05,052 [WARN] PackLoader:240 - Cannot read IP mode file for STMicroelectronics.X-CUBE-AZRTOS-L4.2.0.0
2026-05-10 02:56:05,052 [WARN] ConditionMgr:1044 - genDependencies : Invalid condition id : LAN8742 Phy interface Condition cause : null
2026-05-10 02:56:05,053 [WARN] ConditionMgr:1044 - genDependencies : Invalid condition id : LAN8742 Phy interface Condition cause : null
2026-05-10 02:56:05,053 [WARN] ConditionMgr:1044 - genDependencies : Invalid condition id : LAN8742 Phy interface Condition cause : null
2026-05-10 02:56:05,079 [WARN] PackLoader:240 - Cannot read IP mode file for STMicroelectronics.X-CUBE-SFXS2LP1.4.0.0
2026-05-10 02:56:05,103 [WARN] PackLoader:240 - Cannot read IP mode file for STMicroelectronics.X-CUBE-WB05N.2.1.0
2026-05-10 02:56:05,124 [ERROR] Engine:466 - C:\Users\sohev\.stm32cubemx\thirdparties\pdsc\STMicroelectronics.X-CUBE-ST67W61.1.2.0.pdsc: PDSC version is not supported
2026-05-10 02:56:05,161 [WARN] PackLoader:240 - Cannot read IP mode file for STMicroelectronics.X-CUBE-AZRTOS-H7.3.3.0
2026-05-10 02:56:05,188 [WARN] PackLoader:240 - Cannot read IP mode file for STMicroelectronics.X-CUBE-BLEMGR.4.1.0
2026-05-10 02:56:05,217 [WARN] PackLoader:240 - Cannot read IP mode file for STMicroelectronics.X-CUBE-IPS.3.0.0
2026-05-10 02:56:05,249 [WARN] ConditionMgr:438 - getConditionDescription Invalid condition id : UX DEVICE CLASS RTOS Condition cause : null
2026-05-10 02:56:05,249 [WARN] ConditionMgr:438 - getConditionDescription Invalid condition id : UX DEVICE CLASS RTOS Condition cause : null
2026-05-10 02:56:05,250 [WARN] PackLoader:240 - Cannot read IP mode file for STMicroelectronics.X-CUBE-AZRTOS-WB.2.0.0
2026-05-10 02:56:05,251 [WARN] ConditionMgr:1044 - genDependencies : Invalid condition id : UX DEVICE CLASS RTOS Condition cause : null
2026-05-10 02:56:05,251 [WARN] ConditionMgr:1044 - genDependencies : Invalid condition id : UX DEVICE CLASS RTOS Condition cause : null
2026-05-10 02:56:05,251 [WARN] ConditionMgr:1044 - genDependencies : Invalid condition id : UX DEVICE CLASS RTOS Condition cause : null
2026-05-10 02:56:05,251 [WARN] ConditionMgr:1044 - genDependencies : Invalid condition id : UX DEVICE CLASS RTOS Condition cause : null
2026-05-10 02:56:05,251 [WARN] ConditionMgr:1044 - genDependencies : Invalid condition id : UX DEVICE CLASS RTOS Condition cause : null
2026-05-10 02:56:05,271 [WARN] PackLoader:240 - Cannot read IP mode file for STMicroelectronics.X-CUBE-GNSS1.7.0.0
2026-05-10 02:56:05,298 [WARN] PackLoader:240 - Cannot read IP mode file for STMicroelectronics.X-CUBE-GNSS1.7.0.1
2026-05-10 02:56:05,320 [WARN] PackLoader:240 - Cannot read IP mode file for STMicroelectronics.X-CUBE-TOUCHGFX.4.25.0
2026-05-10 02:56:05,343 [WARN] PackLoader:240 - Cannot read IP mode file for STMicroelectronics.FP-SNS-STBOX1.2.0.0
2026-05-10 02:56:05,368 [WARN] PackLoader:240 - Cannot read IP mode file for STMicroelectronics.X-CUBE-STSE01.2.0.0
2026-05-10 02:56:05,407 [WARN] PackLoader:240 - Cannot read IP mode file for STMicroelectronics.X-CUBE-SUBG2.5.0.0
2026-05-10 02:56:05,443 [WARN] PackLoader:240 - Cannot read IP mode file for STMicroelectronics.X-CUBE-AZRTOS-H7RS.1.1.0
2026-05-10 02:56:05,470 [WARN] PackLoader:240 - Cannot read IP mode file for Cesanta.I-CUBE-Mongoose.7.13.0
2026-05-10 02:56:05,502 [WARN] PackLoader:240 - Cannot read IP mode file for STMicroelectronics.X-CUBE-AZRTOS-G4.2.0.0
2026-05-10 02:56:05,523 [WARN] PackLoader:240 - Cannot read IP mode file for STMicroelectronics.X-CUBE-NFC7.2.0.0
2026-05-10 02:56:05,554 [WARN] PackLoader:240 - Cannot read IP mode file for STMicroelectronics.X-CUBE-IPS.3.1.0
2026-05-10 02:56:05,578 [WARN] PackLoader:240 - Cannot read IP mode file for STMicroelectronics.X-CUBE-ALS.1.0.2
2026-05-10 02:56:05,601 [WARN] PackLoader:240 - Cannot read IP mode file for STMicroelectronics.X-CUBE-TOUCHGFX.4.24.2
2026-05-10 02:56:05,623 [WARN] PackLoader:240 - Cannot read IP mode file for STMicroelectronics.X-CUBE-TOUCHGFX.4.24.1
2026-05-10 02:56:05,649 [WARN] PackLoader:240 - Cannot read IP mode file for STMicroelectronics.X-CUBE-STSE01.1.0.0
2026-05-10 02:56:05,669 [WARN] PackLoader:240 - Cannot read IP mode file for wolfSSL.I-CUBE-wolfTPM.3.4.0
2026-05-10 02:56:05,695 [WARN] PackLoader:240 - Cannot read IP mode file for portGmbH.I-Cube-SoM-uGOAL.1.1.0
2026-05-10 02:56:05,731 [WARN] PackLoader:240 - Cannot read IP mode file for STMicroelectronics.X-CUBE-AZRTOS-H7RS.1.0.0
2026-05-10 02:56:05,754 [WARN] PackLoader:240 - Cannot read IP mode file for STMicroelectronics.FP-ATR-ASTRA1.2.0.0
2026-05-10 02:56:05,781 [WARN] PackLoader:240 - Cannot read IP mode file for STMicroelectronics.X-CUBE-TOF1.3.4.2
2026-05-10 02:56:05,814 [WARN] PackLoader:240 - Cannot read IP mode file for STMicroelectronics.X-CUBE-TOF1.3.4.3
2026-05-10 02:56:05,852 [WARN] PackLoader:240 - Cannot read IP mode file for Infineon.AIROC-Wi-Fi-Bluetooth-STM32.1.6.1
2026-05-10 02:56:05,872 [WARN] PackLoader:240 - Cannot read IP mode file for wolfSSL.I-CUBE-wolfSSH.1.4.17
2026-05-10 02:56:05,873 [INFO] ThirdParty:978 - Integrity check success = true
2026-05-10 02:56:05,873 [INFO] IntegrityCheckThread:100 - exiting critical section [integrity check]
2026-05-10 02:56:05,873 [INFO] IntegrityCheckThread:103 - End integrity checks thread
2026-05-10 02:57:51,484 [INFO] WebApp:194 - Connection lost
2026-05-10 02:57:51,596 [INFO] WebApp:191 - Connection restablished
2026-05-10 03:00:01,925 [INFO] WebApp:194 - Connection lost
2026-05-10 03:00:02,054 [INFO] WebApp:191 - Connection restablished
2026-05-10 03:04:09,453 [INFO] WebApp:194 - Connection lost
2026-05-10 03:04:09,577 [INFO] WebApp:191 - Connection restablished
